<?xml version="1.0" encoding="UTF-8"?>
<testsuite xmlns:xsi="http://www.w3.org/2001/XMLSchema-instance" xsi:noNamespaceSchemaLocation="https://maven.apache.org/surefire/maven-surefire-plugin/xsd/surefire-test-report-3.0.xsd" version="3.0" name="com.websocket_chat.chat.ChatApplicationTests" time="3.325" tests="1" errors="0" skipped="0" failures="0">
  <properties>
[...]
</properties>
  <testcase name="contextLoads" classname="com.websocket_chat.chat.ChatApplicationTests" time="0.887">
    <system-out><![CDATA[00:17:26.150 [main] INFO org.springframework.test.context.support.AnnotationConfigContextLoaderUtils -- Could not detect default configuration classes for test class [com.websocket_chat.chat.ChatApplicationTests]: ChatApplicationTests does not declare any static, non-private, non-final, nested classes annotated with @Configuration.
00:17:26.324 [main] INFO org.springframework.boot.test.context.SpringBootTestContextBootstrapper -- Found @SpringBootConfiguration com.websocket_chat.chat.ChatApplication for test class com.websocket_chat.chat.ChatApplicationTests

  .   ____          _            __ _ _
 /\\ / ___'_ __ _ _(_)_ __  __ _ \ \ \ \
( ( )\___ | '_ | '_| | '_ \/ _` | \ \ \ \
 \\/  ___)| |_)| | | | | || (_| |  ) ) ) )
  '  |____| .__|_| |_|_| |_\__, | / / / /
 =========|_|==============|___/=/_/_/_/
 :: Spring Boot ::                (v3.1.5)

2023-11-01T00:17:26.870+05:30  INFO 15628 --- [           main] c.w.chat.ChatApplicationTests            : Starting ChatApplicationTests using Java 20.0.2 with PID 15628 (started by arunr in C:\Drivers\audio\7MJ5C\RealtekAudio\Win64\Desktop\chat)
2023-11-01T00:17:26.870+05:30  INFO 15628 --- [           main] c.w.chat.ChatApplicationTests            : No active profile set, falling back to 1 default profile: "default"
2023-11-01T00:17:28.139+05:30  INFO 15628 --- [           main] o.s.b.a.w.s.WelcomePageHandlerMapping    : Adding welcome page: class path resource [static/index.html]
2023-11-01T00:17:28.251+05:30  INFO 15628 --- [           main] o.s.m.s.b.SimpleBrokerMessageHandler     : Starting...
2023-11-01T00:17:28.255+05:30  INFO 15628 --- [           main] o.s.m.s.b.SimpleBrokerMessageHandler     : BrokerAvailabilityEvent[available=true, SimpleBrokerMessageHandler [org.springframework.messaging.simp.broker.DefaultSubscriptionRegistry@6f1b8544]]
2023-11-01T00:17:28.257+05:30  INFO 15628 --- [           main] o.s.m.s.b.SimpleBrokerMessageHandler     : Started.
2023-11-01T00:17:28.264+05:30  INFO 15628 --- [           main] c.w.chat.ChatApplicationTests            : Started ChatApplicationTests in 1.713 seconds (process running for 2.956)
]]></system-out>
  </testcase>
</testsuite>